Updating the configuration and installing your custom providers, if any. Please wait.
2025-10-15 11:43:23,165 INFO  [io.quarkus.deployment.QuarkusAugmentor] (main) Quarkus augmentation completed in 43071ms
2025-10-15 11:43:31,818 INFO  [org.keycloak.quarkus.runtime.hostname.DefaultHostnameProvider] (main) Hostname settings: Base URL: <unset>, Hostname: <request>, Strict HTTPS: false, Path: <request>, Strict BackChannel: false, Admin URL: <unset>, Admin: <request>, Port: -1, Proxied: false
2025-10-15 11:43:41,077 WARN  [io.quarkus.agroal.runtime.DataSources] (main) Datasource <default> enables XA but transaction recovery is not enabled. Please enable transaction recovery by setting quarkus.transaction-manager.enable-recovery=true, otherwise data may be lost if the application is terminated abruptly
2025-10-15 11:43:43,907 WARN  [org.infinispan.PERSISTENCE] (keycloak-cache-init) ISPN000554: jboss-marshalling is deprecated and planned for removal
2025-10-15 11:43:44,175 WARN  [org.infinispan.CONFIG] (keycloak-cache-init) ISPN000569: Unable to persist Infinispan internal caches as no global state enabled
2025-10-15 11:43:44,447 INFO  [org.infinispan.CONTAINER] (keycloak-cache-init) ISPN000556: Starting user marshaller 'org.infinispan.jboss.marshalling.core.JBossUserMarshaller'
2025-10-15 11:43:46,996 WARN  [org.hibernate.engine.jdbc.env.internal.JdbcEnvironmentInitiator] (JPA Startup Thread) HHH000342: Could not obtain connection to query metadata: java.lang.NullPointerException: Cannot invoke "org.hibernate.engine.jdbc.spi.SqlExceptionHelper.convert(java.sql.SQLException, String)" because the return value of "org.hibernate.resource.transaction.backend.jta.internal.JtaIsolationDelegate.sqlExceptionHelper()" is null
	at org.hibernate.resource.transaction.backend.jta.internal.JtaIsolationDelegate.doTheWork(JtaIsolationDelegate.java:186)
	at org.hibernate.resource.transaction.backend.jta.internal.JtaIsolationDelegate.lambda$delegateWork$1(JtaIsolationDelegate.java:75)
	at org.hibernate.resource.transaction.backend.jta.internal.JtaIsolationDelegate.doInSuspendedTransaction(JtaIsolationDelegate.java:107)
	at org.hibernate.resource.transaction.backend.jta.internal.JtaIsolationDelegate.delegateWork(JtaIsolationDelegate.java:72)
	at org.hibernate.engine.jdbc.env.internal.JdbcEnvironmentInitiator.getJdbcEnvironmentUsingJdbcMetadata(JdbcEnvironmentInitiator.java:279)
	at org.hibernate.engine.jdbc.env.internal.JdbcEnvironmentInitiator.initiateService(JdbcEnvironmentInitiator.java:193)
	at org.hibernate.engine.jdbc.env.internal.JdbcEnvironmentInitiator.initiateService(JdbcEnvironmentInitiator.java:69)
	at org.hibernate.boot.registry.internal.StandardServiceRegistryImpl.initiateService(StandardServiceRegistryImpl.java:119)
	at org.hibernate.service.internal.AbstractServiceRegistryImpl.createService(AbstractServiceRegistryImpl.java:264)
	at org.hibernate.service.internal.AbstractServiceRegistryImpl.initializeService(AbstractServiceRegistryImpl.java:239)
	at org.hibernate.service.internal.AbstractServiceRegistryImpl.getService(AbstractServiceRegistryImpl.java:216)
	at org.hibernate.engine.jdbc.internal.JdbcServicesImpl.configure(JdbcServicesImpl.java:52)
	at org.hibernate.boot.registry.internal.StandardServiceRegistryImpl.configureService(StandardServiceRegistryImpl.java:125)
	at org.hibernate.service.internal.AbstractServiceRegistryImpl.initializeService(AbstractServiceRegistryImpl.java:248)
	at org.hibernate.service.internal.AbstractServiceRegistryImpl.getService(AbstractServiceRegistryImpl.java:216)
	at org.hibernate.boot.internal.SessionFactoryOptionsBuilder.<init>(SessionFactoryOptionsBuilder.java:273)
	at io.quarkus.hibernate.orm.runtime.recording.PrevalidatedQuarkusMetadata.buildSessionFactoryOptionsBuilder(PrevalidatedQuarkusMetadata.java:70)
	at io.quarkus.hibernate.orm.runtime.boot.FastBootEntityManagerFactoryBuilder.build(FastBootEntityManagerFactoryBuilder.java:81)
	at io.quarkus.hibernate.orm.runtime.FastBootHibernatePersistenceProvider.createEntityManagerFactory(FastBootHibernatePersistenceProvider.java:74)
	at jakarta.persistence.Persistence.createEntityManagerFactory(Persistence.java:80)
	at jakarta.persistence.Persistence.createEntityManagerFactory(Persistence.java:55)
	at io.quarkus.hibernate.orm.runtime.JPAConfig$LazyPersistenceUnit.get(JPAConfig.java:156)
	at io.quarkus.hibernate.orm.runtime.JPAConfig$1.run(JPAConfig.java:64)
	at java.base/java.lang.Thread.run(Thread.java:1583)

2025-10-15 11:43:47,202 WARN  [io.agroal.pool] (agroal-11) Datasource '<default>': IO Exception: "/home/inno/dev/dgsi-maintenance/keycloak-23.0.4/data/h2/keycloakdb.mv.db"
IO Exception: "/home/inno/dev/dgsi-maintenance/keycloak-23.0.4/data/h2/keycloakdb.mv.db"; SQL statement:
CREATE CACHED TABLE "PUBLIC"."USER_FEDERATION_PROVIDER"(
    "ID" CHARACTER VARYING(36) NOT NULL,
    "CHANGED_SYNC_PERIOD" INTEGER,
    "DISPLAY_NAME" CHARACTER VARYING(255),
    "FULL_SYNC_PERIOD" INTEGER,
    "LAST_SYNC" INTEGER,
    "PRIORITY" INTEGER,
    "PROVIDER_NAME" CHARACTER VARYING(255),
    "REALM_ID" CHARACTER VARYING(36)
) [90028-224]
2025-10-15 11:43:51,502 INFO  [org.keycloak.connections.infinispan.DefaultInfinispanConnectionProviderFactory] (main) Node name: node_559673, Site name: null
2025-10-15 11:43:54,907 INFO  [org.keycloak.broker.provider.AbstractIdentityProviderMapper] (main) Registering class org.keycloak.broker.provider.mappersync.ConfigSyncEventListener
2025-10-15 11:44:02,159 INFO  [io.quarkus] (main) Keycloak 23.0.4 on JVM (powered by Quarkus 3.2.9.Final) started in 38.264s. Listening on: http://0.0.0.0:8080
2025-10-15 11:44:02,166 INFO  [io.quarkus] (main) Profile dev activated. 
2025-10-15 11:44:02,174 INFO  [io.quarkus] (main) Installed features: [agroal, cdi, hibernate-orm, jdbc-h2, jdbc-mariadb, jdbc-mssql, jdbc-mysql, jdbc-oracle, jdbc-postgresql, keycloak, logging-gelf, micrometer, narayana-jta, reactive-routes, resteasy-reactive, resteasy-reactive-jackson, smallrye-context-propagation, smallrye-health, vertx]
2025-10-15 11:44:02,228 WARN  [org.keycloak.quarkus.runtime.KeycloakMain] (main) Running the server in development mode. DO NOT use this configuration in production.
2025-10-15 13:28:22,283 WARN  [org.keycloak.events] (executor-thread-22) type=LOGIN_ERROR, realmId=f2c04e4b-fc0e-4d81-b427-f4b760147258, clientId=maintenance-app, userId=null, ipAddress=0:0:0:0:0:0:0:1, error=invalid_redirect_uri, redirect_uri=http://localhost:40207/login
2025-10-15 15:36:35,592 WARN  [org.keycloak.protocol.oidc.utils.OAuth2CodeParser] (executor-thread-31) Code 'ab684da2-65f4-45b6-b4fd-f3d04c0754b4' already used for userSession 'a7a7bff1-dcee-4de3-ad22-c25a9da4eae0' and client '61752a4d-fcf2-43af-a414-ba60442baae5'.
2025-10-15 15:36:35,595 WARN  [org.keycloak.events] (executor-thread-31) type=CODE_TO_TOKEN_ERROR, realmId=f2c04e4b-fc0e-4d81-b427-f4b760147258, clientId=maintenance-app, userId=null, ipAddress=0:0:0:0:0:0:0:1, error=invalid_code, grant_type=authorization_code, code_id=a7a7bff1-dcee-4de3-ad22-c25a9da4eae0, client_auth_method=client-secret
2025-10-15 15:56:05,375 WARN  [org.keycloak.protocol.oidc.utils.OAuth2CodeParser] (executor-thread-31) Code 'b37f6a21-1992-4b6f-af3e-f6eb184554e5' already used for userSession 'a7a7bff1-dcee-4de3-ad22-c25a9da4eae0' and client '61752a4d-fcf2-43af-a414-ba60442baae5'.
2025-10-15 15:56:05,377 WARN  [org.keycloak.events] (executor-thread-31) type=CODE_TO_TOKEN_ERROR, realmId=f2c04e4b-fc0e-4d81-b427-f4b760147258, clientId=maintenance-app, userId=null, ipAddress=0:0:0:0:0:0:0:1, error=invalid_code, grant_type=authorization_code, code_id=a7a7bff1-dcee-4de3-ad22-c25a9da4eae0, client_auth_method=client-secret
2025-10-15 16:11:18,074 WARN  [org.keycloak.protocol.oidc.utils.OAuth2CodeParser] (executor-thread-31) Code '9a20638e-0d90-4e89-968c-13165e14f2e1' already used for userSession 'a7a7bff1-dcee-4de3-ad22-c25a9da4eae0' and client '61752a4d-fcf2-43af-a414-ba60442baae5'.
2025-10-15 16:11:18,076 WARN  [org.keycloak.events] (executor-thread-31) type=CODE_TO_TOKEN_ERROR, realmId=f2c04e4b-fc0e-4d81-b427-f4b760147258, clientId=maintenance-app, userId=null, ipAddress=0:0:0:0:0:0:0:1, error=invalid_code, grant_type=authorization_code, code_id=a7a7bff1-dcee-4de3-ad22-c25a9da4eae0, client_auth_method=client-secret
